Using default directory /tmp/aeld for output
Checking out version v5.15.163
HEAD is now at 7c6d66f02 Linux 5.15.163
  CLEAN   arch/arm64/crypto
  CLEAN   arch/arm64/kernel
  CLEAN   arch/arm64/kvm/hyp/nvhe
  CLEAN   certs
  CLEAN   kernel
  CLEAN   usr
  CLEAN   arch/arm64/kernel/vdso
  CLEAN   scripts/basic
  CLEAN   scripts/dtc
  CLEAN   scripts/kconfig
  CLEAN   scripts/mod
  CLEAN   scripts
  CLEAN   include/config include/generated arch/arm64/include/generated .config
  HOSTCC  scripts/basic/fixdep
  HOSTCC  scripts/kconfig/conf.o
  HOSTCC  scripts/kconfig/confdata.o
  HOSTCC  scripts/kconfig/expr.o
  LEX     scripts/kconfig/lexer.lex.c
  YACC    scripts/kconfig/parser.tab.[ch]
  HOSTCC  scripts/kconfig/lexer.lex.o
  HOSTCC  scripts/kconfig/menu.o
  HOSTCC  scripts/kconfig/parser.tab.o
  HOSTCC  scripts/kconfig/preprocess.o
  HOSTCC  scripts/kconfig/symbol.o
  HOSTCC  scripts/kconfig/util.o
  HOSTLD  scripts/kconfig/conf
*** Default configuration is based on 'defconfig'
#
# configuration written to .config
#
  WRAP    arch/arm64/include/generated/uapi/asm/kvm_para.h
  WRAP    arch/arm64/include/generated/uapi/asm/errno.h
  WRAP    arch/arm64/include/generated/uapi/asm/ioctl.h
  WRAP    arch/arm64/include/generated/uapi/asm/ioctls.h
  WRAP    arch/arm64/include/generated/uapi/asm/ipcbuf.h
  WRAP    arch/arm64/include/generated/uapi/asm/msgbuf.h
  WRAP    arch/arm64/include/generated/uapi/asm/poll.h
  WRAP    arch/arm64/include/generated/uapi/asm/resource.h
  WRAP    arch/arm64/include/generated/uapi/asm/sembuf.h
  WRAP    arch/arm64/include/generated/uapi/asm/shmbuf.h
  WRAP    arch/arm64/include/generated/uapi/asm/siginfo.h
  WRAP    arch/arm64/include/generated/uapi/asm/socket.h
  WRAP    arch/arm64/include/generated/uapi/asm/sockios.h
  WRAP    arch/arm64/include/generated/uapi/asm/stat.h
  WRAP    arch/arm64/include/generated/uapi/asm/swab.h
  WRAP    arch/arm64/include/generated/uapi/asm/termbits.h
  WRAP    arch/arm64/include/generated/uapi/asm/termios.h
  WRAP    arch/arm64/include/generated/uapi/asm/types.h
  HOSTCC  scripts/dtc/dtc.o
  HOSTCC  scripts/dtc/flattree.o
  HOSTCC  scripts/dtc/fstree.o
  HOSTCC  scripts/dtc/data.o
  UPD     include/config/kernel.release
  HOSTCC  scripts/dtc/livetree.o
  WRAP    arch/arm64/include/generated/asm/early_ioremap.h
  WRAP    arch/arm64/include/generated/asm/mcs_spinlock.h
  WRAP    arch/arm64/include/generated/asm/qrwlock.h
  WRAP    arch/arm64/include/generated/asm/qspinlock.h
  WRAP    arch/arm64/include/generated/asm/user.h
  WRAP    arch/arm64/include/generated/asm/bugs.h
  WRAP    arch/arm64/include/generated/asm/delay.h
  WRAP    arch/arm64/include/generated/asm/div64.h
  WRAP    arch/arm64/include/generated/asm/dma-mapping.h
  WRAP    arch/arm64/include/generated/asm/dma.h
  WRAP    arch/arm64/include/generated/asm/emergency-restart.h
  WRAP    arch/arm64/include/generated/asm/hw_irq.h
  WRAP    arch/arm64/include/generated/asm/irq_regs.h
  WRAP    arch/arm64/include/generated/asm/kdebug.h
  WRAP    arch/arm64/include/generated/asm/kmap_size.h
  WRAP    arch/arm64/include/generated/asm/local.h
  WRAP    arch/arm64/include/generated/asm/local64.h
  WRAP    arch/arm64/include/generated/asm/mmiowb.h
  WRAP    arch/arm64/include/generated/asm/msi.h
  WRAP    arch/arm64/include/generated/asm/serial.h
  WRAP    arch/arm64/include/generated/asm/softirq_stack.h
  WRAP    arch/arm64/include/generated/asm/switch_to.h
  WRAP    arch/arm64/include/generated/asm/trace_clock.h
  WRAP    arch/arm64/include/generated/asm/unaligned.h
  WRAP    arch/arm64/include/generated/asm/vga.h
  HOSTCC  scripts/dtc/treesource.o
  UPD     include/generated/uapi/linux/version.h
  HOSTCC  scripts/dtc/srcpos.o
  HOSTCC  scripts/dtc/checks.o
  HOSTCC  scripts/dtc/util.o
  LEX     scripts/dtc/dtc-lexer.lex.c
  YACC    scripts/dtc/dtc-parser.tab.[ch]
  HOSTCC  scripts/dtc/libfdt/fdt.o
  HOSTCC  scripts/dtc/libfdt/fdt_ro.o
  HOSTCC  scripts/dtc/libfdt/fdt_wip.o
  HOSTCC  scripts/dtc/libfdt/fdt_sw.o
  HOSTCC  scripts/dtc/libfdt/fdt_rw.o
  HOSTCC  scripts/dtc/libfdt/fdt_strerror.o
  HOSTCC  scripts/dtc/libfdt/fdt_empty_tree.o
  HOSTCC  scripts/dtc/libfdt/fdt_addresses.o
  HOSTCC  scripts/dtc/libfdt/fdt_overlay.o
  HOSTCC  scripts/dtc/fdtoverlay.o
  HOSTCC  scripts/dtc/dtc-lexer.lex.o
  UPD     include/generated/utsrelease.h
  HOSTCC  scripts/dtc/dtc-parser.tab.o
  HOSTLD  scripts/dtc/fdtoverlay
  HOSTLD  scripts/dtc/dtc
  HOSTCC  scripts/kallsyms
  HOSTCC  scripts/sorttable
  HOSTCC  scripts/asn1_compiler
  DTC     arch/arm64/boot/dts/actions/s700-cubieboard7.dtb
  DTC     arch/arm64/boot/dts/actions/s900-bubblegum-96.dtb
  DTC     arch/arm64/boot/dts/allwinner/sun50i-a64-amarula-relic.dtb
  DTC     arch/arm64/boot/dts/allwinner/sun50i-a64-bananapi-m64.dtb
  DTC     arch/arm64/boot/dts/allwinner/sun50i-a64-nanopi-a64.dtb
  DTC     arch/arm64/boot/dts/allwinner/sun50i-a64-oceanic-5205-5inmfd.dtb
  DTC     arch/arm64/boot/dts/allwinner/sun50i-a64-olinuxino.dtb
  DTC     arch/arm64/boot/dts/allwinner/sun50i-a64-olinuxino-emmc.dtb
  DTC     arch/arm64/boot/dts/allwinner/sun50i-a64-orangepi-win.dtb
  DTC     arch/arm64/boot/dts/allwinner/sun50i-a64-pine64-lts.dtb
  DTC     arch/arm64/boot/dts/allwinner/sun50i-a64-pine64-plus.dtb
  DTC     arch/arm64/boot/dts/allwinner/sun50i-a64-pine64.dtb
  DTC     arch/arm64/boot/dts/allwinner/sun50i-a64-pinebook.dtb
  DTC     arch/arm64/boot/dts/altera/socfpga_stratix10_socdk.dtb
  DTC     arch/arm64/boot/dts/altera/socfpga_stratix10_socdk_nand.dtb
  DTC     arch/arm64/boot/dts/allwinner/sun50i-a64-pinephone-1.0.dtb
  DTC     arch/arm64/boot/dts/allwinner/sun50i-a64-pinephone-1.1.dtb
  DTC     arch/arm64/boot/dts/amazon/alpine-v2-evp.dtb
  DTC     arch/arm64/boot/dts/amazon/alpine-v3-evp.dtb
  DTC     arch/arm64/boot/dts/allwinner/sun50i-a64-pinephone-1.2.dtb
  DTC     arch/arm64/boot/dts/allwinner/sun50i-a64-pinetab.dtb
  DTC     arch/arm64/boot/dts/allwinner/sun50i-a64-pinetab-early-adopter.dtb
  DTC     arch/arm64/boot/dts/amd/amd-overdrive.dtb
  DTC     arch/arm64/boot/dts/amd/amd-overdrive-rev-b0.dtb
  DTC     arch/arm64/boot/dts/allwinner/sun50i-a64-sopine-baseboard.dtb
  DTC     arch/arm64/boot/dts/allwinner/sun50i-a64-teres-i.dtb
  DTC     arch/arm64/boot/dts/amd/amd-overdrive-rev-b1.dtb
  DTC     arch/arm64/boot/dts/amd/husky.dtb
  DTC     arch/arm64/boot/dts/allwinner/sun50i-a100-allwinner-perf1.dtb
  DTC     arch/arm64/boot/dts/allwinner/sun50i-h5-bananapi-m2-plus.dtb
  DTC     arch/arm64/boot/dts/amlogic/meson-axg-s400.dtb
  DTC     arch/arm64/boot/dts/amlogic/meson-g12a-sei510.dtb
  HOSTCC  scripts/extract-cert
  DTC     arch/arm64/boot/dts/allwinner/sun50i-h5-bananapi-m2-plus-v1.2.dtb
  DTC     arch/arm64/boot/dts/allwinner/sun50i-h5-emlid-neutis-n5-devboard.dtb
  DTC     arch/arm64/boot/dts/amlogic/meson-g12a-u200.dtb
  DTC     arch/arm64/boot/dts/amlogic/meson-g12a-x96-max.dtb
  DTC     arch/arm64/boot/dts/allwinner/sun50i-h5-libretech-all-h3-cc.dtb
  DTC     arch/arm64/boot/dts/allwinner/sun50i-h5-libretech-all-h3-it.dtb
  DTC     arch/arm64/boot/dts/amlogic/meson-g12b-gsking-x.dtb
  DTC     arch/arm64/boot/dts/allwinner/sun50i-h5-libretech-all-h5-cc.dtb
  DTC     arch/arm64/boot/dts/amlogic/meson-g12b-gtking.dtb
  DTC     arch/arm64/boot/dts/allwinner/sun50i-h5-nanopi-neo2.dtb
  DTC     arch/arm64/boot/dts/allwinner/sun50i-h5-nanopi-neo-plus2.dtb
  DTC     arch/arm64/boot/dts/apm/apm-mustang.dtb
  DTC     arch/arm64/boot/dts/amlogic/meson-g12b-gtking-pro.dtb
  DTC     arch/arm64/boot/dts/allwinner/sun50i-h5-nanopi-r1s-h5.dtb
  DTC     arch/arm64/boot/dts/apm/apm-merlin.dtb
  DTC     arch/arm64/boot/dts/allwinner/sun50i-h5-orangepi-pc2.dtb
  DTC     arch/arm64/boot/dts/amlogic/meson-g12b-a311d-khadas-vim3.dtb
  DTC     arch/arm64/boot/dts/allwinner/sun50i-h5-orangepi-prime.dtb
  DTC     arch/arm64/boot/dts/apple/t8103-j274.dtb
  DTC     arch/arm64/boot/dts/allwinner/sun50i-h5-orangepi-zero-plus.dtb
  DTC     arch/arm64/boot/dts/amlogic/meson-g12b-s922x-khadas-vim3.dtb
  DTC     arch/arm64/boot/dts/allwinner/sun50i-h5-orangepi-zero-plus2.dtb
  DTC     arch/arm64/boot/dts/amlogic/meson-g12b-odroid-n2.dtb
  DTC     arch/arm64/boot/dts/allwinner/sun50i-h6-beelink-gs1.dtb
  DTC     arch/arm64/boot/dts/allwinner/sun50i-h6-orangepi-3.dtb
  DTC     arch/arm64/boot/dts/amlogic/meson-g12b-odroid-n2-plus.dtb
  DTC     arch/arm64/boot/dts/allwinner/sun50i-h6-orangepi-lite2.dtb
  DTC     arch/arm64/boot/dts/amlogic/meson-g12b-ugoos-am6.dtb
  DTC     arch/arm64/boot/dts/allwinner/sun50i-h6-orangepi-one-plus.dtb
  DTC     arch/arm64/boot/dts/allwinner/sun50i-h6-pine-h64.dtb
  DTC     arch/arm64/boot/dts/amlogic/meson-gxbb-kii-pro.dtb
  DTC     arch/arm64/boot/dts/amlogic/meson-gxbb-nanopi-k2.dtb
  DTC     arch/arm64/boot/dts/allwinner/sun50i-h6-pine-h64-model-b.dtb
  DTC     arch/arm64/boot/dts/amlogic/meson-gxbb-nexbox-a95x.dtb
  DTC     arch/arm64/boot/dts/allwinner/sun50i-h6-tanix-tx6.dtb
  DTC     arch/arm64/boot/dts/arm/foundation-v8.dtb
  DTC     arch/arm64/boot/dts/amlogic/meson-gxbb-odroidc2.dtb
  DTC     arch/arm64/boot/dts/arm/foundation-v8-psci.dtb
  DTC     arch/arm64/boot/dts/arm/foundation-v8-gicv3.dtb
  DTC     arch/arm64/boot/dts/amlogic/meson-gxbb-p200.dtb
  DTC     arch/arm64/boot/dts/amlogic/meson-gxbb-p201.dtb
  DTC     arch/arm64/boot/dts/arm/foundation-v8-gicv3-psci.dtb
  DTC     arch/arm64/boot/dts/arm/juno.dtb
  DTC     arch/arm64/boot/dts/arm/juno-r1.dtb
  DTC     arch/arm64/boot/dts/amlogic/meson-gxbb-vega-s95-pro.dtb
  DTC     arch/arm64/boot/dts/amlogic/meson-gxbb-vega-s95-meta.dtb
  DTC     arch/arm64/boot/dts/amlogic/meson-gxbb-vega-s95-telos.dtb
  DTC     arch/arm64/boot/dts/arm/juno-r2.dtb
  DTC     arch/arm64/boot/dts/arm/rtsm_ve-aemv8a.dtb
  DTC     arch/arm64/boot/dts/arm/vexpress-v2f-1xv7-ca53x2.dtb
  DTC     arch/arm64/boot/dts/amlogic/meson-gxbb-wetek-hub.dtb
  DTC     arch/arm64/boot/dts/amlogic/meson-gxbb-wetek-play2.dtb
  DTC     arch/arm64/boot/dts/arm/fvp-base-revc.dtb
  DTC     arch/arm64/boot/dts/amlogic/meson-gxl-s805x-libretech-ac.dtb
  DTC     arch/arm64/boot/dts/cavium/thunder-88xx.dtb
  DTC     arch/arm64/boot/dts/broadcom/northstar2/ns2-svk.dtb
  DTC     arch/arm64/boot/dts/cavium/thunder2-99xx.dtb
  DTC     arch/arm64/boot/dts/amlogic/meson-gxl-s905x-hwacom-amazetv.dtb
  DTC     arch/arm64/boot/dts/broadcom/northstar2/ns2-xmc.dtb
  DTC     arch/arm64/boot/dts/amlogic/meson-gxl-s905x-khadas-vim.dtb
  DTC     arch/arm64/boot/dts/exynos/exynos5433-tm2.dtb
  DTC     arch/arm64/boot/dts/amlogic/meson-gxl-s905x-libretech-cc.dtb
  DTC     arch/arm64/boot/dts/broadcom/stingray/bcm958742k.dtb
  GEN     arch/arm64/include/generated/asm/cpucaps.h
  DTC     arch/arm64/boot/dts/broadcom/stingray/bcm958742t.dtb
  DTC     arch/arm64/boot/dts/exynos/exynos5433-tm2e.dtb
  DTC     arch/arm64/boot/dts/amlogic/meson-gxl-s905x-libretech-cc-v2.dtb
  DTC     arch/arm64/boot/dts/broadcom/stingray/bcm958802a802x.dtb
  DTC     arch/arm64/boot/dts/amlogic/meson-gxl-s905x-nexbox-a95x.dtb
  DTC     arch/arm64/boot/dts/broadcom/bcm2711-rpi-400.dtb
  DTC     arch/arm64/boot/dts/amlogic/meson-gxl-s905x-p212.dtb
  DTC     arch/arm64/boot/dts/broadcom/bcm2711-rpi-4-b.dtb
  DTC     arch/arm64/boot/dts/exynos/exynos7-espresso.dtb
  DTC     arch/arm64/boot/dts/amlogic/meson-gxl-s905d-mecool-kii-pro.dtb
  DTC     arch/arm64/boot/dts/broadcom/bcm2837-rpi-3-a-plus.dtb
  DTC     arch/arm64/boot/dts/amlogic/meson-gxl-s905d-p230.dtb
  DTC     arch/arm64/boot/dts/amlogic/meson-gxl-s905d-p231.dtb
  DTC     arch/arm64/boot/dts/broadcom/bcm2837-rpi-3-b.dtb
  DTC     arch/arm64/boot/dts/broadcom/bcm2837-rpi-3-b-plus.dtb
  DTC     arch/arm64/boot/dts/broadcom/bcm2837-rpi-cm3-io3.dtb
  DTC     arch/arm64/boot/dts/amlogic/meson-gxl-s905d-phicomm-n1.dtb
  DTC     arch/arm64/boot/dts/amlogic/meson-gxl-s905d-sml5442tw.dtb
  DTC     arch/arm64/boot/dts/amlogic/meson-gxl-s805x-p241.dtb
  DTC     arch/arm64/boot/dts/freescale/fsl-ls1012a-frdm.dtb
  DTC     arch/arm64/boot/dts/freescale/fsl-ls1012a-frwy.dtb
  DTC     arch/arm64/boot/dts/hisilicon/hi3660-hikey960.dtb
  DTC     arch/arm64/boot/dts/amlogic/meson-gxl-s905w-p281.dtb
  DTC     arch/arm64/boot/dts/intel/socfpga_agilex_socdk.dtb
  DTC     arch/arm64/boot/dts/freescale/fsl-ls1012a-oxalis.dtb
  DTC     arch/arm64/boot/dts/amlogic/meson-gxl-s905w-tx3-mini.dtb
  DTC     arch/arm64/boot/dts/intel/socfpga_agilex_socdk_nand.dtb
  DTC     arch/arm64/boot/dts/freescale/fsl-ls1012a-qds.dtb
  DTC     arch/arm64/boot/dts/hisilicon/hi3670-hikey970.dtb
  DTC     arch/arm64/boot/dts/intel/socfpga_n5x_socdk.dtb
  DTC     arch/arm64/boot/dts/amlogic/meson-gxl-s905d-libretech-pc.dtb
  DTC     arch/arm64/boot/dts/freescale/fsl-ls1012a-rdb.dtb
  DTC     arch/arm64/boot/dts/hisilicon/hi3798cv200-poplar.dtb
  DTC     arch/arm64/boot/dts/intel/keembay-evm.dtb
  DTC     arch/arm64/boot/dts/freescale/fsl-ls1028a-kontron-kbox-a-230-ls.dtb
  DTC     arch/arm64/boot/dts/hisilicon/hi6220-hikey.dtb
  DTC     arch/arm64/boot/dts/amlogic/meson-gxm-khadas-vim2.dtb
  DTC     arch/arm64/boot/dts/amlogic/meson-gxm-mecool-kiii-pro.dtb
  DTC     arch/arm64/boot/dts/freescale/fsl-ls1028a-kontron-sl28.dtb
  DTC     arch/arm64/boot/dts/freescale/fsl-ls1028a-kontron-sl28-var1.dtb
  DTC     arch/arm64/boot/dts/hisilicon/hip05-d02.dtb
  DTC     arch/arm64/boot/dts/amlogic/meson-gxm-minix-neo-u9h.dtb
  DTC     arch/arm64/boot/dts/amlogic/meson-gxm-nexbox-a1.dtb
  DTC     arch/arm64/boot/dts/hisilicon/hip06-d03.dtb
  DTC     arch/arm64/boot/dts/freescale/fsl-ls1028a-kontron-sl28-var2.dtb
  DTC     arch/arm64/boot/dts/freescale/fsl-ls1028a-kontron-sl28-var3-ads2.dtb
  DTC     arch/arm64/boot/dts/hisilicon/hip07-d05.dtb
  DTC     arch/arm64/boot/dts/amlogic/meson-gxm-q200.dtb
  DTC     arch/arm64/boot/dts/amlogic/meson-gxm-q201.dtb
  DTC     arch/arm64/boot/dts/freescale/fsl-ls1028a-kontron-sl28-var4.dtb
  DTC     arch/arm64/boot/dts/freescale/fsl-ls1028a-qds.dtb
  DTC     arch/arm64/boot/dts/freescale/fsl-ls1028a-rdb.dtb
  DTC     arch/arm64/boot/dts/amlogic/meson-gxm-rbox-pro.dtb
  DTC     arch/arm64/boot/dts/amlogic/meson-gxm-s912-libretech-pc.dtb
  DTC     arch/arm64/boot/dts/amlogic/meson-gxm-vega-s96.dtb
  DTC     arch/arm64/boot/dts/freescale/fsl-ls1043a-qds.dtb
  DTC     arch/arm64/boot/dts/freescale/fsl-ls1043a-rdb.dtb
  DTC     arch/arm64/boot/dts/freescale/fsl-ls1046a-frwy.dtb
  DTC     arch/arm64/boot/dts/amlogic/meson-gxm-wetek-core2.dtb
  DTC     arch/arm64/boot/dts/lg/lg1312-ref.dtb
  DTC     arch/arm64/boot/dts/lg/lg1313-ref.dtb
  DTC     arch/arm64/boot/dts/freescale/fsl-ls1046a-qds.dtb
  DTC     arch/arm64/boot/dts/freescale/fsl-ls1046a-rdb.dtb
  DTC     arch/arm64/boot/dts/amlogic/meson-sm1-bananapi-m5.dtb
  DTC     arch/arm64/boot/dts/amlogic/meson-sm1-khadas-vim3l.dtb
  DTC     arch/arm64/boot/dts/amlogic/meson-sm1-odroid-c4.dtb
  DTC     arch/arm64/boot/dts/freescale/fsl-ls1088a-qds.dtb
  DTC     arch/arm64/boot/dts/freescale/fsl-ls1088a-rdb.dtb
  DTC     arch/arm64/boot/dts/freescale/fsl-ls1088a-ten64.dtb
  DTC     arch/arm64/boot/dts/amlogic/meson-sm1-odroid-hc4.dtb
  DTC     arch/arm64/boot/dts/freescale/fsl-ls2080a-qds.dtb
  DTC     arch/arm64/boot/dts/amlogic/meson-sm1-sei610.dtb
  DTC     arch/arm64/boot/dts/amlogic/meson-a1-ad401.dtb
  DTC     arch/arm64/boot/dts/freescale/fsl-ls2080a-rdb.dtb
  DTC     arch/arm64/boot/dts/marvell/armada-3720-db.dtb
  DTC     arch/arm64/boot/dts/mediatek/mt2712-evb.dtb
  DTC     arch/arm64/boot/dts/marvell/armada-3720-espressobin.dtb
  DTC     arch/arm64/boot/dts/freescale/fsl-ls2080a-simu.dtb
  DTC     arch/arm64/boot/dts/marvell/armada-3720-espressobin-emmc.dtb
  DTC     arch/arm64/boot/dts/mediatek/mt6755-evb.dtb
  DTC     arch/arm64/boot/dts/mediatek/mt6779-evb.dtb
  DTC     arch/arm64/boot/dts/freescale/fsl-ls2088a-qds.dtb
  DTC     arch/arm64/boot/dts/freescale/fsl-ls2088a-rdb.dtb
  DTC     arch/arm64/boot/dts/marvell/armada-3720-espressobin-ultra.dtb
  DTC     arch/arm64/boot/dts/mediatek/mt6795-evb.dtb
  DTC     arch/arm64/boot/dts/mediatek/mt6797-evb.dtb
  DTC     arch/arm64/boot/dts/freescale/fsl-lx2160a-clearfog-cx.dtb
  DTC     arch/arm64/boot/dts/marvell/armada-3720-espressobin-v7.dtb
  DTC     arch/arm64/boot/dts/marvell/armada-3720-espressobin-v7-emmc.dtb
  DTC     arch/arm64/boot/dts/mediatek/mt6797-x20-dev.dtb
  DTC     arch/arm64/boot/dts/mediatek/mt7622-rfb1.dtb
  DTC     arch/arm64/boot/dts/marvell/armada-3720-turris-mox.dtb
  DTC     arch/arm64/boot/dts/freescale/fsl-lx2160a-honeycomb.dtb
  DTC     arch/arm64/boot/dts/marvell/armada-3720-uDPU.dtb
  DTC     arch/arm64/boot/dts/freescale/fsl-lx2160a-qds.dtb
  DTC     arch/arm64/boot/dts/mediatek/mt7622-bananapi-bpi-r64.dtb
  DTC     arch/arm64/boot/dts/marvell/armada-7040-db.dtb
  DTC     arch/arm64/boot/dts/freescale/fsl-lx2160a-rdb.dtb
  DTC     arch/arm64/boot/dts/mediatek/mt8167-pumpkin.dtb
  DTC     arch/arm64/boot/dts/nvidia/tegra132-norrin.dtb
  DTC     arch/arm64/boot/dts/marvell/armada-8040-clearfog-gt-8k.dtb
  DTC     arch/arm64/boot/dts/freescale/fsl-lx2162a-qds.dtb
  DTC     arch/arm64/boot/dts/mediatek/mt8173-elm.dtb
  DTC     arch/arm64/boot/dts/nvidia/tegra210-p2371-0000.dtb
  DTC     arch/arm64/boot/dts/marvell/armada-8040-db.dtb
  DTC     arch/arm64/boot/dts/freescale/imx8mm-beacon-kit.dtb
  DTC     arch/arm64/boot/dts/mediatek/mt8173-elm-hana.dtb
  DTC     arch/arm64/boot/dts/marvell/armada-8040-mcbin.dtb
  DTC     arch/arm64/boot/dts/freescale/imx8mm-evk.dtb
  DTC     arch/arm64/boot/dts/nvidia/tegra210-p2371-2180.dtb
  DTC     arch/arm64/boot/dts/marvell/armada-8040-mcbin-singleshot.dtb
  DTC     arch/arm64/boot/dts/freescale/imx8mm-ddr4-evk.dtb
  DTC     arch/arm64/boot/dts/mediatek/mt8173-elm-hana-rev7.dtb
  DTC     arch/arm64/boot/dts/nvidia/tegra210-p2571.dtb
  DTC     arch/arm64/boot/dts/freescale/imx8mm-icore-mx8mm-ctouch2.dtb
  DTC     arch/arm64/boot/dts/marvell/armada-8040-puzzle-m801.dtb
  DTC     arch/arm64/boot/dts/mediatek/mt8173-evb.dtb
  DTC     arch/arm64/boot/dts/freescale/imx8mm-icore-mx8mm-edimm2.2.dtb
  DTC     arch/arm64/boot/dts/nvidia/tegra210-p3450-0000.dtb
  DTC     arch/arm64/boot/dts/marvell/armada-8080-db.dtb
  DTC     arch/arm64/boot/dts/mediatek/mt8183-evb.dtb
  DTC     arch/arm64/boot/dts/marvell/cn9130-db.dtb
  DTC     arch/arm64/boot/dts/freescale/imx8mm-kontron-n801x-s.dtb
  DTC     arch/arm64/boot/dts/nvidia/tegra210-smaug.dtb
  DTC     arch/arm64/boot/dts/marvell/cn9130-db-B.dtb
  DTC     arch/arm64/boot/dts/mediatek/mt8183-kukui-jacuzzi-burnet.dtb
  DTC     arch/arm64/boot/dts/freescale/imx8mm-nitrogen-r2.dtb
  DTC     arch/arm64/boot/dts/marvell/cn9131-db.dtb
  DTC     arch/arm64/boot/dts/nvidia/tegra210-p2894-0050-a08.dtb
  DTC     arch/arm64/boot/dts/freescale/imx8mm-var-som-symphony.dtb
  DTC     arch/arm64/boot/dts/mediatek/mt8183-kukui-jacuzzi-damu.dtb
  DTC     arch/arm64/boot/dts/marvell/cn9131-db-B.dtb
  DTC     arch/arm64/boot/dts/freescale/imx8mm-venice-gw71xx-0x.dtb
  DTC     arch/arm64/boot/dts/nvidia/tegra186-p2771-0000.dtb
  DTC     arch/arm64/boot/dts/mediatek/mt8183-kukui-jacuzzi-fennel-sku1.dtb
  DTC     arch/arm64/boot/dts/marvell/cn9132-db.dtb
  DTC     arch/arm64/boot/dts/freescale/imx8mm-venice-gw72xx-0x.dtb
  DTC     arch/arm64/boot/dts/nvidia/tegra186-p3509-0000+p3636-0001.dtb
  DTC     arch/arm64/boot/dts/mediatek/mt8183-kukui-jacuzzi-fennel-sku6.dtb
  DTC     arch/arm64/boot/dts/marvell/cn9132-db-B.dtb
  DTC     arch/arm64/boot/dts/freescale/imx8mm-venice-gw73xx-0x.dtb
  DTC     arch/arm64/boot/dts/nvidia/tegra194-p2972-0000.dtb
  DTC     arch/arm64/boot/dts/freescale/imx8mm-venice-gw7901.dtb
  DTC     arch/arm64/boot/dts/mediatek/mt8183-kukui-jacuzzi-fennel14.dtb
  DTC     arch/arm64/boot/dts/marvell/cn9130-crb-A.dtb
  DTC     arch/arm64/boot/dts/nvidia/tegra194-p3509-0000+p3668-0000.dtb
  DTC     arch/arm64/boot/dts/marvell/cn9130-crb-B.dtb
  DTC     arch/arm64/boot/dts/freescale/imx8mm-venice-gw7902.dtb
  DTC     arch/arm64/boot/dts/mediatek/mt8183-kukui-jacuzzi-juniper-sku16.dtb
  DTC     arch/arm64/boot/dts/freescale/imx8mn-beacon-kit.dtb
  DTC     arch/arm64/boot/dts/mediatek/mt8183-kukui-jacuzzi-kappa.dtb
  DTC     arch/arm64/boot/dts/nvidia/tegra194-p3509-0000+p3668-0001.dtb
  DTC     arch/arm64/boot/dts/nvidia/tegra234-sim-vdk.dtb
  DTC     arch/arm64/boot/dts/freescale/imx8mn-evk.dtb
  DTC     arch/arm64/boot/dts/freescale/imx8mn-ddr4-evk.dtb
  DTC     arch/arm64/boot/dts/mediatek/mt8183-kukui-jacuzzi-kenzo.dtb
  DTC     arch/arm64/boot/dts/mediatek/mt8183-kukui-jacuzzi-willow-sku0.dtb
  DTC     arch/arm64/boot/dts/qcom/apq8016-sbc.dtb
  DTC     arch/arm64/boot/dts/freescale/imx8mn-var-som-symphony.dtb
  DTC     arch/arm64/boot/dts/freescale/imx8mn-venice-gw7902.dtb
  DTC     arch/arm64/boot/dts/mediatek/mt8183-kukui-jacuzzi-willow-sku1.dtb
  DTC     arch/arm64/boot/dts/mediatek/mt8183-kukui-kakadu.dtb
  DTC     arch/arm64/boot/dts/qcom/apq8094-sony-xperia-kitakami-karin_windy.dtb
  DTC     arch/arm64/boot/dts/freescale/imx8mp-evk.dtb
  DTC     arch/arm64/boot/dts/freescale/imx8mp-phyboard-pollux-rdk.dtb
  DTC     arch/arm64/boot/dts/qcom/apq8096-db820c.dtb
  DTC     arch/arm64/boot/dts/freescale/imx8mq-evk.dtb
  DTC     arch/arm64/boot/dts/mediatek/mt8183-kukui-kodama-sku16.dtb
  DTC     arch/arm64/boot/dts/qcom/apq8096-ifc6640.dtb
  DTC     arch/arm64/boot/dts/freescale/imx8mq-hummingboard-pulse.dtb
  DTC     arch/arm64/boot/dts/mediatek/mt8183-kukui-kodama-sku272.dtb
  DTC     arch/arm64/boot/dts/mediatek/mt8183-kukui-kodama-sku288.dtb
  DTC     arch/arm64/boot/dts/freescale/imx8mq-kontron-pitx-imx8m.dtb
  DTC     arch/arm64/boot/dts/qcom/ipq6018-cp01-c1.dtb
  DTC     arch/arm64/boot/dts/qcom/ipq8074-hk01.dtb
  DTC     arch/arm64/boot/dts/mediatek/mt8183-kukui-kodama-sku32.dtb
  DTC     arch/arm64/boot/dts/mediatek/mt8183-kukui-krane-sku0.dtb
  DTC     arch/arm64/boot/dts/freescale/imx8mq-librem5-devkit.dtb
  DTC     arch/arm64/boot/dts/qcom/ipq8074-hk10-c1.dtb
  DTC     arch/arm64/boot/dts/qcom/ipq8074-hk10-c2.dtb
  DTC     arch/arm64/boot/dts/qcom/msm8916-alcatel-idol347.dtb
  DTC     arch/arm64/boot/dts/mediatek/mt8183-kukui-krane-sku176.dtb
  DTC     arch/arm64/boot/dts/freescale/imx8mq-librem5-r2.dtb
  DTC     arch/arm64/boot/dts/freescale/imx8mq-librem5-r3.dtb
  DTC     arch/arm64/boot/dts/qcom/msm8916-asus-z00l.dtb
  DTC     arch/arm64/boot/dts/mediatek/mt8183-pumpkin.dtb
  DTC     arch/arm64/boot/dts/mediatek/mt8192-evb.dtb
  DTC     arch/arm64/boot/dts/freescale/imx8mq-librem5-r4.dtb
  DTC     arch/arm64/boot/dts/freescale/imx8mq-mnt-reform2.dtb
  DTC     arch/arm64/boot/dts/qcom/msm8916-huawei-g7.dtb
  DTC     arch/arm64/boot/dts/mediatek/mt8516-pumpkin.dtb
  DTC     arch/arm64/boot/dts/qcom/msm8916-longcheer-l8150.dtb
  DTC     arch/arm64/boot/dts/freescale/imx8mq-nitrogen.dtb
  DTC     arch/arm64/boot/dts/freescale/imx8mq-phanbell.dtb
  DTC     arch/arm64/boot/dts/renesas/r8a774a1-beacon-rzg2m-kit.dtb
  DTC     arch/arm64/boot/dts/qcom/msm8916-longcheer-l8910.dtb
  DTC     arch/arm64/boot/dts/qcom/msm8916-mtp.dtb
  DTC     arch/arm64/boot/dts/freescale/imx8mq-pico-pi.dtb
  DTC     arch/arm64/boot/dts/renesas/r8a774a1-hihope-rzg2m.dtb
  DTC     arch/arm64/boot/dts/renesas/r8a774a1-hihope-rzg2m-ex.dtb
  DTC     arch/arm64/boot/dts/qcom/msm8916-samsung-a3u-eur.dtb
  DTC     arch/arm64/boot/dts/freescale/imx8mq-thor96.dtb
  DTC     arch/arm64/boot/dts/freescale/imx8mq-zii-ultra-rmb3.dtb
  DTC     arch/arm64/boot/dts/renesas/r8a774a1-hihope-rzg2m-ex-idk-1110wr.dtb
  DTC     arch/arm64/boot/dts/qcom/msm8916-samsung-a5u-eur.dtb
  DTC     arch/arm64/boot/dts/renesas/r8a774a1-hihope-rzg2m-ex-mipi-2.1.dtb
  DTC     arch/arm64/boot/dts/freescale/imx8mq-zii-ultra-zest.dtb
  DTC     arch/arm64/boot/dts/freescale/imx8qm-mek.dtb
  DTC     arch/arm64/boot/dts/renesas/r8a774a1-hihope-rzg2m-rev2.dtb
  DTC     arch/arm64/boot/dts/qcom/msm8916-wingtech-wt88047.dtb
  DTC     arch/arm64/boot/dts/qcom/msm8992-bullhead-rev-101.dtb
  DTC     arch/arm64/boot/dts/freescale/imx8qxp-ai_ml.dtb
  DTC     arch/arm64/boot/dts/renesas/r8a774a1-hihope-rzg2m-rev2-ex.dtb
  DTC     arch/arm64/boot/dts/freescale/imx8qxp-colibri-eval-v3.dtb
  DTC     arch/arm64/boot/dts/qcom/msm8992-msft-lumia-octagon-talkman.dtb
  DTC     arch/arm64/boot/dts/qcom/msm8992-xiaomi-libra.dtb
  DTC     arch/arm64/boot/dts/freescale/imx8qxp-mek.dtb
  DTC     arch/arm64/boot/dts/renesas/r8a774a1-hihope-rzg2m-rev2-ex-idk-1110wr.dtb
  DTC     arch/arm64/boot/dts/renesas/r8a774b1-beacon-rzg2n-kit.dtb
  DTC     arch/arm64/boot/dts/qcom/msm8994-angler-rev-101.dtb
  DTC     arch/arm64/boot/dts/freescale/s32v234-evb.dtb
  DTC     arch/arm64/boot/dts/qcom/msm8994-msft-lumia-octagon-cityman.dtb
  DTC     arch/arm64/boot/dts/socionext/uniphier-ld11-global.dtb
  DTC     arch/arm64/boot/dts/rockchip/px30-evb.dtb
  DTC     arch/arm64/boot/dts/renesas/r8a774b1-hihope-rzg2n.dtb
  DTC     arch/arm64/boot/dts/qcom/msm8994-sony-xperia-kitakami-ivy.dtb
  DTC     arch/arm64/boot/dts/socionext/uniphier-ld11-ref.dtb
  DTC     arch/arm64/boot/dts/rockchip/px30-engicam-px30-core-ctouch2.dtb
  DTC     arch/arm64/boot/dts/renesas/r8a774b1-hihope-rzg2n-ex.dtb
  DTC     arch/arm64/boot/dts/socionext/uniphier-ld20-akebi96.dtb
  DTC     arch/arm64/boot/dts/qcom/msm8994-sony-xperia-kitakami-karin.dtb
  DTC     arch/arm64/boot/dts/rockchip/px30-engicam-px30-core-ctouch2-of10.dtb
  DTC     arch/arm64/boot/dts/socionext/uniphier-ld20-global.dtb
  DTC     arch/arm64/boot/dts/renesas/r8a774b1-hihope-rzg2n-ex-idk-1110wr.dtb
  DTC     arch/arm64/boot/dts/qcom/msm8994-sony-xperia-kitakami-satsuki.dtb
  DTC     arch/arm64/boot/dts/socionext/uniphier-ld20-ref.dtb
  DTC     arch/arm64/boot/dts/qcom/msm8994-sony-xperia-kitakami-sumire.dtb
  DTC     arch/arm64/boot/dts/rockchip/px30-engicam-px30-core-edimm2.2.dtb
  DTC     arch/arm64/boot/dts/renesas/r8a774b1-hihope-rzg2n-ex-mipi-2.1.dtb
  DTC     arch/arm64/boot/dts/socionext/uniphier-pxs3-ref.dtb
  DTC     arch/arm64/boot/dts/qcom/msm8994-sony-xperia-kitakami-suzuran.dtb
  DTC     arch/arm64/boot/dts/rockchip/rk3308-evb.dtb
  DTC     arch/arm64/boot/dts/renesas/r8a774b1-hihope-rzg2n-rev2.dtb
  DTC     arch/arm64/boot/dts/renesas/r8a774b1-hihope-rzg2n-rev2-ex.dtb
  DTC     arch/arm64/boot/dts/qcom/msm8996-mtp.dtb
  DTC     arch/arm64/boot/dts/rockchip/rk3308-roc-cc.dtb
  DTC     arch/arm64/boot/dts/rockchip/rk3318-a95x-z2.dtb
  DTC     arch/arm64/boot/dts/renesas/r8a774b1-hihope-rzg2n-rev2-ex-idk-1110wr.dtb
  DTC     arch/arm64/boot/dts/qcom/msm8996-pmi8996-sony-xperia-tone-dora.dtb
  DTC     arch/arm64/boot/dts/sprd/sc9836-openphone.dtb
  DTC     arch/arm64/boot/dts/rockchip/rk3326-odroid-go2.dtb
  DTC     arch/arm64/boot/dts/renesas/r8a774c0-cat874.dtb
  DTC     arch/arm64/boot/dts/sprd/sp9860g-1h10.dtb
  DTC     arch/arm64/boot/dts/rockchip/rk3328-a1.dtb
  DTC     arch/arm64/boot/dts/renesas/r8a774c0-ek874.dtb
  DTC     arch/arm64/boot/dts/qcom/msm8996-pmi8996-sony-xperia-tone-kagura.dtb
  DTC     arch/arm64/boot/dts/sprd/sp9863a-1h10.dtb
  DTC     arch/arm64/boot/dts/rockchip/rk3328-evb.dtb
  DTC     arch/arm64/boot/dts/renesas/r8a774c0-ek874-idk-2121wr.dtb
  DTC     arch/arm64/boot/dts/renesas/r8a774c0-ek874-mipi-2.1.dtb
  DTC     arch/arm64/boot/dts/qcom/msm8996-pmi8996-sony-xperia-tone-keyaki.dtb
  DTC     arch/arm64/boot/dts/rockchip/rk3328-nanopi-r2s.dtb
  DTC     arch/arm64/boot/dts/rockchip/rk3328-rock64.dtb
  DTC     arch/arm64/boot/dts/renesas/r8a774e1-beacon-rzg2h-kit.dtb
  DTC     arch/arm64/boot/dts/rockchip/rk3328-rock-pi-e.dtb
  DTC     arch/arm64/boot/dts/qcom/msm8996-sony-xperia-tone-dora.dtb
  DTC     arch/arm64/boot/dts/rockchip/rk3328-roc-cc.dtb
  DTC     arch/arm64/boot/dts/renesas/r8a774e1-hihope-rzg2h.dtb
  DTC     arch/arm64/boot/dts/qcom/msm8996-sony-xperia-tone-kagura.dtb
  DTC     arch/arm64/boot/dts/rockchip/rk3368-evb-act8846.dtb
  DTC     arch/arm64/boot/dts/renesas/r8a774e1-hihope-rzg2h-ex.dtb
  DTC     arch/arm64/boot/dts/renesas/r8a774e1-hihope-rzg2h-ex-idk-1110wr.dtb
  DTC     arch/arm64/boot/dts/rockchip/rk3368-geekbox.dtb
  DTC     arch/arm64/boot/dts/qcom/msm8996-sony-xperia-tone-keyaki.dtb
  DTC     arch/arm64/boot/dts/renesas/r8a774e1-hihope-rzg2h-ex-mipi-2.1.dtb
  DTC     arch/arm64/boot/dts/qcom/msm8998-asus-novago-tp370ql.dtb
  DTC     arch/arm64/boot/dts/rockchip/rk3368-lion-haikou.dtb
  DTC     arch/arm64/boot/dts/rockchip/rk3368-orion-r68-meta.dtb
  DTC     arch/arm64/boot/dts/rockchip/rk3368-px5-evb.dtb
  DTC     arch/arm64/boot/dts/renesas/r8a77950-salvator-x.dtb
  DTC     arch/arm64/boot/dts/qcom/msm8998-hp-envy-x2.dtb
  DTC     arch/arm64/boot/dts/qcom/msm8998-lenovo-miix-630.dtb
  DTC     arch/arm64/boot/dts/rockchip/rk3368-r88.dtb
  DTC     arch/arm64/boot/dts/rockchip/rk3399-evb.dtb
  DTC     arch/arm64/boot/dts/renesas/r8a77950-ulcb.dtb
  DTC     arch/arm64/boot/dts/qcom/msm8998-mtp.dtb
  DTC     arch/arm64/boot/dts/rockchip/rk3399-ficus.dtb
  DTC     arch/arm64/boot/dts/qcom/msm8998-oneplus-cheeseburger.dtb
  DTC     arch/arm64/boot/dts/renesas/r8a77950-ulcb-kf.dtb
  DTC     arch/arm64/boot/dts/synaptics/berlin4ct-dmp.dtb
  DTC     arch/arm64/boot/dts/rockchip/rk3399-firefly.dtb
  DTC     arch/arm64/boot/dts/qcom/msm8998-oneplus-dumpling.dtb
  DTC     arch/arm64/boot/dts/synaptics/berlin4ct-stb.dtb
  DTC     arch/arm64/boot/dts/renesas/r8a77951-salvator-x.dtb
  DTC     arch/arm64/boot/dts/qcom/qcs404-evb-1000.dtb
  DTC     arch/arm64/boot/dts/rockchip/rk3399-gru-bob.dtb
  DTC     arch/arm64/boot/dts/rockchip/rk3399-gru-kevin.dtb
arch/arm64/boot/dts/rockchip/rk3399-gru.dtsi:460.3-52: Warning (pci_device_reg): /pcie@f8000000/pcie@0,0:reg: PCI reg address is not configuration space
  DTC     arch/arm64/boot/dts/qcom/qcs404-evb-4000.dtb
  DTC     arch/arm64/boot/dts/renesas/r8a77951-salvator-xs.dtb
  DTC     arch/arm64/boot/dts/renesas/r8a77951-ulcb.dtb
arch/arm64/boot/dts/rockchip/rk3399-gru.dtsi:460.3-52: Warning (pci_device_reg): /pcie@f8000000/pcie@0,0:reg: PCI reg address is not configuration space
  DTC     arch/arm64/boot/dts/qcom/qrb5165-rb5.dtb
  DTC     arch/arm64/boot/dts/rockchip/rk3399-gru-scarlet-inx.dtb
  DTC     arch/arm64/boot/dts/qcom/sa8155p-adp.dtb
  DTC     arch/arm64/boot/dts/renesas/r8a77951-ulcb-kf.dtb
arch/arm64/boot/dts/rockchip/rk3399-gru.dtsi:460.3-52: Warning (pci_device_reg): /pcie@f8000000/pcie@0,0:reg: PCI reg address is not configuration space
  DTC     arch/arm64/boot/dts/rockchip/rk3399-gru-scarlet-kd.dtb
  DTC     arch/arm64/boot/dts/renesas/r8a77960-salvator-x.dtb
  DTC     arch/arm64/boot/dts/qcom/sc7180-idp.dtb
  DTC     arch/arm64/boot/dts/renesas/r8a77960-salvator-xs.dtb
arch/arm64/boot/dts/rockchip/rk3399-gru.dtsi:460.3-52: Warning (pci_device_reg): /pcie@f8000000/pcie@0,0:reg: PCI reg address is not configuration space
  DTC     arch/arm64/boot/dts/rockchip/rk3399-hugsun-x99.dtb
  DTC     arch/arm64/boot/dts/rockchip/rk3399-khadas-edge.dtb
  DTC     arch/arm64/boot/dts/renesas/r8a77960-ulcb.dtb
  DTC     arch/arm64/boot/dts/qcom/sc7180-trogdor-coachz-r1.dtb
  DTC     arch/arm64/boot/dts/qcom/sc7180-trogdor-coachz-r1-lte.dtb
  DTC     arch/arm64/boot/dts/rockchip/rk3399-khadas-edge-captain.dtb
  DTC     arch/arm64/boot/dts/renesas/r8a77960-ulcb-kf.dtb
  DTC     arch/arm64/boot/dts/renesas/r8a77961-salvator-xs.dtb
  DTC     arch/arm64/boot/dts/rockchip/rk3399-khadas-edge-v.dtb
  DTC     arch/arm64/boot/dts/rockchip/rk3399-kobol-helios64.dtb
  DTC     arch/arm64/boot/dts/qcom/sc7180-trogdor-coachz-r3.dtb
  DTC     arch/arm64/boot/dts/renesas/r8a77961-ulcb.dtb
  DTC     arch/arm64/boot/dts/renesas/r8a77961-ulcb-kf.dtb
  DTC     arch/arm64/boot/dts/rockchip/rk3399-leez-p710.dtb
  DTC     arch/arm64/boot/dts/renesas/r8a77965-salvator-x.dtb
  DTC     arch/arm64/boot/dts/qcom/sc7180-trogdor-coachz-r3-lte.dtb
  DTC     arch/arm64/boot/dts/rockchip/rk3399-nanopc-t4.dtb
  DTC     arch/arm64/boot/dts/ti/k3-am654-base-board.dtb
  DTC     arch/arm64/boot/dts/ti/k3-am6528-iot2050-basic.dtb
  DTC     arch/arm64/boot/dts/renesas/r8a77965-salvator-xs.dtb
  DTC     arch/arm64/boot/dts/rockchip/rk3399-nanopi-m4.dtb
  DTC     arch/arm64/boot/dts/qcom/sc7180-trogdor-lazor-r0.dtb
  DTC     arch/arm64/boot/dts/ti/k3-am6548-iot2050-advanced.dtb
  DTC     arch/arm64/boot/dts/renesas/r8a77965-ulcb.dtb
  DTC     arch/arm64/boot/dts/rockchip/rk3399-nanopi-m4b.dtb
  DTC     arch/arm64/boot/dts/ti/k3-j721e-common-proc-board.dtb
  DTC     arch/arm64/boot/dts/renesas/r8a77965-ulcb-kf.dtb
  DTC     arch/arm64/boot/dts/rockchip/rk3399-nanopi-neo4.dtb
  DTC     arch/arm64/boot/dts/qcom/sc7180-trogdor-lazor-r1.dtb
  DTC     arch/arm64/boot/dts/ti/k3-j7200-common-proc-board.dtb
  DTC     arch/arm64/boot/dts/renesas/r8a77970-eagle.dtb
  DTC     arch/arm64/boot/dts/ti/k3-am642-evm.dtb
  DTC     arch/arm64/boot/dts/rockchip/rk3399-nanopi-r4s.dtb
  DTC     arch/arm64/boot/dts/renesas/r8a77970-v3msk.dtb
  DTC     arch/arm64/boot/dts/qcom/sc7180-trogdor-lazor-r1-kb.dtb
  DTC     arch/arm64/boot/dts/ti/k3-am642-sk.dtb
  DTC     arch/arm64/boot/dts/renesas/r8a77980-condor.dtb
  DTC     arch/arm64/boot/dts/rockchip/rk3399-orangepi.dtb
  DTC     arch/arm64/boot/dts/rockchip/rk3399-pinebook-pro.dtb
  DTC     arch/arm64/boot/dts/renesas/r8a77980-v3hsk.dtb
  DTC     arch/arm64/boot/dts/renesas/r8a77990-ebisu.dtb
  DTC     arch/arm64/boot/dts/qcom/sc7180-trogdor-lazor-r1-lte.dtb
  DTC     arch/arm64/boot/dts/toshiba/tmpv7708-rm-mbrc.dtb
  DTC     arch/arm64/boot/dts/rockchip/rk3399-puma-haikou.dtb
  DTC     arch/arm64/boot/dts/rockchip/rk3399-roc-pc.dtb
  DTC     arch/arm64/boot/dts/renesas/r8a77995-draak.dtb
  DTC     arch/arm64/boot/dts/renesas/r8a779a0-falcon.dtb
  DTC     arch/arm64/boot/dts/rockchip/rk3399-roc-pc-mezzanine.dtb
  DTC     arch/arm64/boot/dts/qcom/sc7180-trogdor-lazor-r3.dtb
  DTC     arch/arm64/boot/dts/qcom/sc7180-trogdor-lazor-r3-kb.dtb
  DTC     arch/arm64/boot/dts/renesas/r8a779m1-salvator-xs.dtb
  DTC     arch/arm64/boot/dts/rockchip/rk3399-rock-pi-4a.dtb
  DTC     arch/arm64/boot/dts/renesas/r8a779m1-ulcb.dtb
  DTC     arch/arm64/boot/dts/renesas/r8a779m1-ulcb-kf.dtb
  DTC     arch/arm64/boot/dts/qcom/sc7180-trogdor-lazor-r3-lte.dtb
  DTC     arch/arm64/boot/dts/rockchip/rk3399-rock-pi-4b.dtb
  DTC     arch/arm64/boot/dts/rockchip/rk3399-rock-pi-4c.dtb
  DTC     arch/arm64/boot/dts/renesas/r8a779m3-salvator-xs.dtb
  DTC     arch/arm64/boot/dts/qcom/sc7180-trogdor-lazor-limozeen.dtb
  DTC     arch/arm64/boot/dts/xilinx/avnet-ultra96-rev1.dtb
  DTC     arch/arm64/boot/dts/rockchip/rk3399-rock960.dtb
  DTC     arch/arm64/boot/dts/renesas/r8a779m3-ulcb.dtb
  DTC     arch/arm64/boot/dts/xilinx/zynqmp-zc1232-revA.dtb
  DTC     arch/arm64/boot/dts/xilinx/zynqmp-zc1254-revA.dtb
  DTC     arch/arm64/boot/dts/renesas/r8a779m3-ulcb-kf.dtb
  DTC     arch/arm64/boot/dts/rockchip/rk3399-rockpro64-v2.dtb
  DTC     arch/arm64/boot/dts/qcom/sc7180-trogdor-lazor-limozeen-nots.dtb
  DTC     arch/arm64/boot/dts/xilinx/zynqmp-zc1275-revA.dtb
  DTC     arch/arm64/boot/dts/renesas/r9a07g044l2-smarc.dtb
  DTC     arch/arm64/boot/dts/rockchip/rk3399-rockpro64.dtb
  DTC     arch/arm64/boot/dts/xilinx/zynqmp-zc1751-xm015-dc1.dtb
  DTC     arch/arm64/boot/dts/qcom/sc7180-trogdor-lazor-limozeen-nots-r4.dtb
  DTC     arch/arm64/boot/dts/xilinx/zynqmp-zc1751-xm016-dc2.dtb
  DTC     arch/arm64/boot/dts/xilinx/zynqmp-zc1751-xm017-dc3.dtb
  DTC     arch/arm64/boot/dts/rockchip/rk3399-sapphire.dtb
  DTC     arch/arm64/boot/dts/rockchip/rk3399-sapphire-excavator.dtb
  DTC     arch/arm64/boot/dts/xilinx/zynqmp-zc1751-xm018-dc4.dtb
  DTC     arch/arm64/boot/dts/qcom/sc7180-trogdor-pompom-r1.dtb
  DTC     arch/arm64/boot/dts/qcom/sc7180-trogdor-pompom-r1-lte.dtb
  DTC     arch/arm64/boot/dts/xilinx/zynqmp-zc1751-xm019-dc5.dtb
  DTC     arch/arm64/boot/dts/rockchip/rk3399pro-rock-pi-n10.dtb
  DTC     arch/arm64/boot/dts/xilinx/zynqmp-zcu100-revC.dtb
  DTC     arch/arm64/boot/dts/rockchip/rk3568-evb1-v10.dtb
  DTC     arch/arm64/boot/dts/xilinx/zynqmp-zcu102-revA.dtb
  DTC     arch/arm64/boot/dts/qcom/sc7180-trogdor-pompom-r2.dtb
  DTC     arch/arm64/boot/dts/xilinx/zynqmp-zcu102-revB.dtb
  DTC     arch/arm64/boot/dts/qcom/sc7180-trogdor-pompom-r2-lte.dtb
  DTC     arch/arm64/boot/dts/qcom/sc7180-trogdor-pompom-r3.dtb
  DTC     arch/arm64/boot/dts/xilinx/zynqmp-zcu102-rev1.0.dtb
  DTC     arch/arm64/boot/dts/xilinx/zynqmp-zcu104-revA.dtb
  DTC     arch/arm64/boot/dts/xilinx/zynqmp-zcu104-revC.dtb
  DTC     arch/arm64/boot/dts/xilinx/zynqmp-zcu106-revA.dtb
  DTC     arch/arm64/boot/dts/qcom/sc7180-trogdor-pompom-r3-lte.dtb
  DTC     arch/arm64/boot/dts/qcom/sc7180-trogdor-r1.dtb
  DTC     arch/arm64/boot/dts/qcom/sc7180-trogdor-r1-lte.dtb
  DTC     arch/arm64/boot/dts/xilinx/zynqmp-zcu111-revA.dtb
  DTC     arch/arm64/boot/dts/qcom/sc7280-idp.dtb
  DTC     arch/arm64/boot/dts/qcom/sc7280-idp2.dtb
  DTC     arch/arm64/boot/dts/qcom/sdm630-sony-xperia-ganges-kirin.dtb
  DTC     arch/arm64/boot/dts/qcom/sdm630-sony-xperia-nile-discovery.dtb
  DTC     arch/arm64/boot/dts/qcom/sdm630-sony-xperia-nile-pioneer.dtb
  DTC     arch/arm64/boot/dts/qcom/sdm630-sony-xperia-nile-voyager.dtb
  DTC     arch/arm64/boot/dts/qcom/sdm636-sony-xperia-ganges-mermaid.dtb
  DTC     arch/arm64/boot/dts/qcom/sdm660-xiaomi-lavender.dtb
  DTC     arch/arm64/boot/dts/qcom/sdm845-cheza-r1.dtb
  DTC     arch/arm64/boot/dts/qcom/sdm845-cheza-r2.dtb
  CC      scripts/mod/empty.o
  HOSTCC  scripts/mod/mk_elfconfig
  CC      scripts/mod/devicetable-offsets.s
  DTC     arch/arm64/boot/dts/qcom/sdm845-cheza-r3.dtb
  DTC     arch/arm64/boot/dts/qcom/sdm845-db845c.dtb
  DTC     arch/arm64/boot/dts/qcom/sdm845-mtp.dtb
  DTC     arch/arm64/boot/dts/qcom/sdm845-oneplus-enchilada.dtb
  DTC     arch/arm64/boot/dts/qcom/sdm845-oneplus-fajita.dtb
  DTC     arch/arm64/boot/dts/qcom/sdm845-xiaomi-beryllium.dtb
  DTC     arch/arm64/boot/dts/qcom/sdm850-lenovo-yoga-c630.dtb
  DTC     arch/arm64/boot/dts/qcom/sm6125-sony-xperia-seine-pdx201.dtb
  DTC     arch/arm64/boot/dts/qcom/sm8150-hdk.dtb
  DTC     arch/arm64/boot/dts/qcom/sm8150-microsoft-surface-duo.dtb
  UPD     scripts/mod/devicetable-offsets.h
  MKELF   scripts/mod/elfconfig.h
  HOSTCC  scripts/mod/modpost.o
  DTC     arch/arm64/boot/dts/qcom/sm8150-mtp.dtb
  DTC     arch/arm64/boot/dts/qcom/sm8150-sony-xperia-kumano-bahamut.dtb
  DTC     arch/arm64/boot/dts/qcom/sm8150-sony-xperia-kumano-griffin.dtb
  DTC     arch/arm64/boot/dts/qcom/sm8250-hdk.dtb
  DTC     arch/arm64/boot/dts/qcom/sm8250-mtp.dtb
  HOSTCC  scripts/mod/file2alias.o
  DTC     arch/arm64/boot/dts/qcom/sm8250-sony-xperia-edo-pdx203.dtb
  HOSTCC  scripts/mod/sumversion.o
  DTC     arch/arm64/boot/dts/qcom/sm8250-sony-xperia-edo-pdx206.dtb
  DTC     arch/arm64/boot/dts/qcom/sm8350-hdk.dtb
  DTC     arch/arm64/boot/dts/qcom/sm8350-mtp.dtb
  HOSTLD  scripts/mod/modpost
  CC      kernel/bounds.s
  CALL    scripts/atomic/check-atomics.sh
  UPD     include/generated/timeconst.h
  UPD     include/generated/bounds.h
  CC      arch/arm64/kernel/asm-offsets.s
  UPD     include/generated/asm-offsets.h
  CALL    scripts/checksyscalls.sh
  LDS     arch/arm64/kernel/vdso/vdso.lds
  CC      arch/arm64/kernel/vdso/vgettimeofday.o
  AS      arch/arm64/kernel/vdso/note.o
  AS      arch/arm64/kernel/vdso/sigreturn.o
  LD      arch/arm64/kernel/vdso/vdso.so.dbg
  VDSOSYM include/generated/vdso-offsets.h
  OBJCOPY arch/arm64/kernel/vdso/vdso.so
  CC      init/main.o
  CHK     include/generated/compile.h
  CC      init/do_mounts.o
  UPD     include/generated/compile.h
  CC      init/do_mounts_initrd.o
  HOSTCC  usr/gen_init_cpio
  GEN     usr/initramfs_data.cpio
  SHIPPED usr/initramfs_inc_data
  AS      usr/initramfs_data.o
  AR      usr/built-in.a
  AR      arch/arm64/kernel/probes/built-in.a
  AS      arch/arm64/kernel/head.o
  LDS     arch/arm64/kernel/vmlinux.lds
  CC      arch/arm64/kernel/debug-monitors.o
  CC      init/initramfs.o
  AS      arch/arm64/kernel/entry.o
  CC      arch/arm64/kernel/irq.o
  CC      arch/arm64/mm/dma-mapping.o
  CC      arch/arm64/mm/extable.o
  CC      init/calibrate.o
  CC      init/init_task.o
  CC      arch/arm64/kernel/fpsimd.o
  CC      arch/arm64/mm/fault.o
  CC      arch/arm64/mm/init.o
  CC      init/version.o
  AR      init/built-in.a
  AS      arch/arm64/mm/cache.o
  CC      arch/arm64/mm/copypage.o
  CC      arch/arm64/kernel/entry-common.o
  CC      kernel/sched/core.o
  CC      kernel/locking/mutex.o
  CC      arch/arm64/mm/flush.o
  AS      arch/arm64/kernel/entry-fpsimd.o
  CC      arch/arm64/kernel/process.o
  CC      kernel/locking/semaphore.o
  CC      arch/arm64/mm/ioremap.o
  CC      kernel/locking/rwsem.o
  CC      arch/arm64/mm/mmap.o
  CC      arch/arm64/kernel/ptrace.o
  CC      arch/arm64/mm/pgd.o
  CC      kernel/locking/percpu-rwsem.o
  CC      arch/arm64/mm/mmu.o
  CC      kernel/locking/spinlock.o
  CC      arch/arm64/kernel/setup.o
  CC      kernel/locking/osq_lock.o
  CC      kernel/sched/loadavg.o
  CC      kernel/locking/qspinlock.o
  CC      arch/arm64/mm/context.o
  CC      arch/arm64/kernel/signal.o
  CC      kernel/locking/rtmutex_api.o
  CC      kernel/sched/clock.o
  AS      arch/arm64/mm/proc.o
  CC      arch/arm64/mm/pageattr.o
  CC      kernel/locking/qrwlock.o
  CC      arch/arm64/kernel/sys.o
  CC      arch/arm64/mm/hugetlbpage.o
  CC      kernel/sched/cputime.o
  AR      kernel/locking/built-in.a
  CC      arch/arm64/mm/trans_pgd.o
  CC      arch/arm64/kernel/stacktrace.o
  CC      arch/arm64/kernel/time.o
  CC      arch/arm64/mm/mteswap.o
  CC      kernel/sched/idle.o
  CC      kernel/sched/fair.o
  CC      arch/arm64/kernel/traps.o
  AR      arch/arm64/mm/built-in.a
  CC      arch/arm64/kernel/io.o
  CC      arch/arm64/kernel/vdso.o
  CC      kernel/sched/rt.o
  CC      kernel/sched/deadline.o
  AS      arch/arm64/kernel/hyp-stub.o
  CC      arch/arm64/kernel/psci.o
  CC      arch/arm64/kernel/cpu_ops.o
  CC      kernel/power/qos.o
  CC      arch/arm64/kernel/return_address.o
  CC      arch/arm64/kernel/cpuinfo.o
  CC      arch/arm64/kernel/cpu_errata.o
  CC      kernel/power/main.o
  CC      kernel/power/console.o
  CC      arch/arm64/kernel/cpufeature.o
  CC      kernel/sched/wait.o
  CC      arch/arm64/net/bpf_jit_comp.o
  CC      kernel/power/process.o
  CC      arch/arm64/kernel/alternative.o
  CC      kernel/power/suspend.o
  CC      kernel/sched/wait_bit.o
  CC      arch/arm64/kernel/cacheinfo.o
  AR      arch/arm64/net/built-in.a
  CC      arch/arm64/kernel/smp.o
  CC      kernel/power/hibernate.o
  CC      kernel/power/snapshot.o
  CC      kernel/sched/swait.o
  CC      arch/arm64/kernel/smp_spin_table.o
  CC      arch/arm64/kernel/topology.o
  CC      kernel/sched/completion.o
  CC      kernel/power/swap.o
  AS      arch/arm64/kernel/smccc-call.o
  CC      arch/arm64/kernel/syscall.o
  CC      arch/arm64/kvm/hyp/vhe/timer-sr.o
  CC      kernel/sched/cpupri.o
  CC      arch/arm64/kernel/proton-pack.o
  CC      arch/arm64/kvm/hyp/vhe/sysreg-sr.o
  CC      kernel/power/user.o
  CC      arch/arm64/kvm/hyp/vhe/debug-sr.o
  CC      kernel/sched/cpudeadline.o
  CC      arch/arm64/kernel/idreg-override.o
  CC      kernel/power/poweroff.o
  CC      kernel/power/energy_model.o
  CC      arch/arm64/kvm/hyp/vhe/switch.o
  CC      arch/arm64/kernel/idle.o
  AR      kernel/power/built-in.a
  CC      arch/arm64/kvm/hyp/nvhe/timer-sr.nvhe.o
  CC      kernel/sched/topology.o
  CC      arch/arm64/kernel/patching.o
  CC      arch/arm64/kvm/hyp/vhe/tlb.o
  CC      arch/arm64/kvm/hyp/nvhe/sysreg-sr.nvhe.o
  CC      arch/arm64/kernel/sys32.o
  CC      arch/arm64/kvm/hyp/vhe/../vgic-v3-sr.o
  CC      arch/arm64/kvm/hyp/nvhe/debug-sr.nvhe.o
  CC      arch/arm64/kernel/signal32.o
  CC      kernel/sched/stop_task.o
  CC      arch/arm64/kvm/hyp/nvhe/switch.nvhe.o
  CC      arch/arm64/kvm/hyp/vhe/../aarch32.o
  CC      arch/arm64/kernel/sys_compat.o
  CC      arch/arm64/kvm/hyp/vhe/../vgic-v2-cpuif-proxy.o
  CC      kernel/sched/pelt.o
  CC      arch/arm64/kvm/hyp/nvhe/tlb.nvhe.o
  AS      arch/arm64/kernel/sigreturn32.o
  AS      arch/arm64/kernel/kuser32.o
  CC      arch/arm64/kernel/module.o
  AS      arch/arm64/kvm/hyp/vhe/../entry.o
  AS      arch/arm64/kvm/hyp/vhe/../fpsimd.o
  AS      arch/arm64/kvm/hyp/vhe/../hyp-entry.o
  CC      arch/arm64/kvm/hyp/vhe/../exception.o
  AS      arch/arm64/kvm/hyp/nvhe/hyp-init.nvhe.o
  AS      arch/arm64/kvm/hyp/nvhe/host.nvhe.o
  CC      arch/arm64/kvm/hyp/nvhe/hyp-main.nvhe.o
  CC      arch/arm64/kernel/module-plts.o
  CC      kernel/sched/autogroup.o
  AR      arch/arm64/kvm/hyp/vhe/built-in.a
  CC      arch/arm64/kernel/perf_regs.o
  CC      arch/arm64/kvm/hyp/nvhe/hyp-smp.nvhe.o
  CC      arch/arm64/kvm/hyp/nvhe/psci-relay.nvhe.o
  CC      kernel/sched/cpuacct.o
  CC      arch/arm64/kernel/perf_callchain.o
  CC      kernel/sched/cpufreq.o
  CC      arch/arm64/kvm/hyp/nvhe/early_alloc.nvhe.o
  CC      arch/arm64/kernel/perf_event.o
  CC      arch/arm64/kvm/hyp/nvhe/stub.nvhe.o
  CC      arch/arm64/kernel/hw_breakpoint.o
  CC      kernel/sched/cpufreq_schedutil.o
  CC      arch/arm64/kvm/hyp/nvhe/page_alloc.nvhe.o
  AS      arch/arm64/kvm/hyp/nvhe/cache.nvhe.o
  CC      arch/arm64/kvm/hyp/nvhe/setup.nvhe.o
  CC      kernel/sched/membarrier.o
  AS      arch/arm64/kernel/sleep.o
  CC      arch/arm64/kernel/suspend.o
  CC      arch/arm64/kernel/cpuidle.o
